This file contains any messages produced by compilers while
running configure, to aid debugging if configure makes a mistake.

It was created by amhello configure 1.0, which was
generated by GNU Autoconf 2.71.  Invocation command line was

  $ ./configure

## --------- ##
## Platform. ##
## --------- ##

hostname = LL-PF241WT0-1
uname -m = x86_64
uname -r = 5.10.102.1-microsoft-standard-WSL2
uname -s = Linux
uname -v = #1 SMP Wed Mar 2 00:30:59 UTC 2022

/usr/bin/uname -p = x86_64
/bin/uname -X     = unknown

/bin/arch              = x86_64
/usr/bin/arch -k       = unknown
/usr/convex/getsysinfo = unknown
/usr/bin/hostinfo      = unknown
/bin/machine           = unknown
/usr/bin/oslevel       = unknown
/bin/universe          = unknown

PATH: /home/galactus/.nix-profile/bin/
PATH: /nix/store/vcjch5llrywkdb1bynzfqd4kcpr0yxsj-hook/bin/
PATH: /home/galactus/.nix-profile/bin/
PATH: /home/galactus/.nix-profile/bin/
PATH: /usr/local/sbin/
PATH: /usr/local/bin/
PATH: /usr/sbin/
PATH: /usr/bin/
PATH: /sbin/
PATH: /bin/
PATH: /usr/games/
PATH: /usr/local/games/
PATH: /usr/lib/wsl/lib/
PATH: /mnt/c/WINDOWS/system32/
PATH: /mnt/c/WINDOWS/
PATH: /mnt/c/WINDOWS/System32/Wbem/
PATH: /mnt/c/WINDOWS/System32/WindowsPowerShell/v1.0/
PATH: /mnt/c/WINDOWS/System32/OpenSSH/
PATH: /mnt/c/Program Files/Git/cmd/
PATH: /mnt/c/Program Files/OmniBack/bin/
PATH: /mnt/c/Users/ahfjf/AppData/Local/Microsoft/WindowsApps/
PATH: /mnt/c/Users/ahfjf/AppData/Local/Programs/Microsoft VS Code/bin/


## ----------- ##
## Core tests. ##
## ----------- ##

configure:2093: looking for aux files: compile missing install-sh
configure:2106:  trying ./
configure:2135:   ./compile found
configure:2135:   ./missing found
configure:2117:   ./install-sh found
configure:2264: checking for a BSD-compatible install
configure:2337: result: /usr/bin/install -c
configure:2348: checking whether build environment is sane
configure:2403: result: yes
configure:2560: checking for a race-free mkdir -p
configure:2604: result: /usr/bin/mkdir -p
configure:2611: checking for gawk
configure:2632: found /usr/bin/gawk
configure:2643: result: gawk
configure:2654: checking whether make sets $(MAKE)
configure:2677: result: yes
configure:2707: checking whether make supports nested variables
configure:2725: result: yes
configure:2923: checking for gcc
configure:2944: found /usr/bin/gcc
configure:2955: result: gcc
configure:3308: checking for C compiler version
configure:3317: gcc --version >&5
gcc (Ubuntu 9.4.0-1ubuntu1~20.04.1) 9.4.0
Copyright (C) 2019 Free Software Foundation, Inc.
This is free software; see the source for copying conditions.  There is NO
warranty; not even for MERCHANTABILITY or FITNESS FOR A PARTICULAR PURPOSE.

configure:3328: $? = 0
configure:3317: gcc -v >&5
Using built-in specs.
COLLECT_GCC=gcc
COLLECT_LTO_WRAPPER=/usr/lib/gcc/x86_64-linux-gnu/9/lto-wrapper
OFFLOAD_TARGET_NAMES=nvptx-none:hsa
OFFLOAD_TARGET_DEFAULT=1
Target: x86_64-linux-gnu
Configured with: ../src/configure -v --with-pkgversion='Ubuntu 9.4.0-1ubuntu1~20.04.1' --with-bugurl=file:///usr/share/doc/gcc-9/README.Bugs --enable-languages=c,ada,c++,go,brig,d,fortran,objc,obj-c++,gm2 --prefix=/usr --with-gcc-major-version-only --program-suffix=-9 --program-prefix=x86_64-linux-gnu- --enable-shared --enable-linker-build-id --libexecdir=/usr/lib --without-included-gettext --enable-threads=posix --libdir=/usr/lib --enable-nls --enable-clocale=gnu --enable-libstdcxx-debug --enable-libstdcxx-time=yes --with-default-libstdcxx-abi=new --enable-gnu-unique-object --disable-vtable-verify --enable-plugin --enable-default-pie --with-system-zlib --with-target-system-zlib=auto --enable-objc-gc=auto --enable-multiarch --disable-werror --with-arch-32=i686 --with-abi=m64 --with-multilib-list=m32,m64,mx32 --enable-multilib --with-tune=generic --enable-offload-targets=nvptx-none=/build/gcc-9-Av3uEd/gcc-9-9.4.0/debian/tmp-nvptx/usr,hsa --without-cuda-driver --enable-checking=release --build=x86_64-linux-gnu --host=x86_64-linux-gnu --target=x86_64-linux-gnu
Thread model: posix
gcc version 9.4.0 (Ubuntu 9.4.0-1ubuntu1~20.04.1) 
configure:3328: $? = 0
configure:3317: gcc -V >&5
gcc: error: unrecognized command line option '-V'
gcc: fatal error: no input files
compilation terminated.
configure:3328: $? = 1
configure:3317: gcc -qversion >&5
gcc: error: unrecognized command line option '-qversion'; did you mean '--version'?
gcc: fatal error: no input files
compilation terminated.
configure:3328: $? = 1
configure:3317: gcc -version >&5
gcc: error: unrecognized command line option '-version'
gcc: fatal error: no input files
compilation terminated.
configure:3328: $? = 1
configure:3348: checking whether the C compiler works
configure:3370: gcc    conftest.c  >&5
configure:3374: $? = 0
configure:3424: result: yes
configure:3427: checking for C compiler default output file name
configure:3429: result: a.out
configure:3435: checking for suffix of executables
configure:3442: gcc -o conftest    conftest.c  >&5
configure:3446: $? = 0
configure:3469: result: 
configure:3491: checking whether we are cross compiling
configure:3499: gcc -o conftest    conftest.c  >&5
configure:3503: $? = 0
configure:3510: ./conftest
configure:3514: $? = 0
configure:3502: result: no
configure:3507: checking for suffix of object files
configure:3530: gcc -c   conftest.c >&5
configure:3534: $? = 0
configure:3556: result: o
configure:3560: checking whether the compiler supports GNU C
configure:3580: gcc -c   conftest.c >&5
configure:3580: $? = 0
configure:3590: result: yes
configure:3601: checking whether gcc accepts -g
configure:3622: gcc -c -g  conftest.c >&5
configure:3622: $? = 0
configure:3666: result: yes
configure:3686: checking for gcc option to enable C11 features
configure:3701: gcc  -c -g -O2  conftest.c >&5
configure:3701: $? = 0
configure:3719: result: none needed
configure:3835: checking whether gcc understands -c and -o together
configure:3858: gcc -c conftest.c -o conftest2.o
configure:3861: $? = 0
configure:3858: gcc -c conftest.c -o conftest2.o
configure:3861: $? = 0
configure:3873: result: yes
configure:3893: checking whether make supports the include directive
configure:3908: make -f confmf.GNU && cat confinc.out
this is the am__doit target
configure:3911: $? = 0
configure:3930: result: yes (GNU style)
configure:3956: checking dependency style of gcc
configure:4068: result: gcc3
configure:4188: checking that generated files are newer than configure
configure:4194: result: done
configure:4217: creating ./config.status

## ---------------------- ##
## Running config.status. ##
## ---------------------- ##

This file was extended by amhello config.status 1.0, which was
generated by GNU Autoconf 2.71.  Invocation command line was

  CONFIG_FILES    = 
  CONFIG_HEADERS  = 
  CONFIG_LINKS    = 
  CONFIG_COMMANDS = 
  $ ./config.status 

on LL-PF241WT0-1

config.status:833: creating Makefile
config.status:833: creating src/Makefile
config.status:833: creating config.h
config.status:1062: executing depfiles commands
config.status:1139: cd src       && sed -e '/# am--include-marker/d' Makefile         | make -f - am--depfiles
config.status:1144: $? = 0

## ---------------- ##
## Cache variables. ##
## ---------------- ##

ac_cv_c_compiler_gnu=yes
ac_cv_env_CC_set=
ac_cv_env_CC_value=
ac_cv_env_CFLAGS_set=
ac_cv_env_CFLAGS_value=
ac_cv_env_CPPFLAGS_set=
ac_cv_env_CPPFLAGS_value=
ac_cv_env_LDFLAGS_set=
ac_cv_env_LDFLAGS_value=
ac_cv_env_LIBS_set=
ac_cv_env_LIBS_value=
ac_cv_env_build_alias_set=
ac_cv_env_build_alias_value=
ac_cv_env_host_alias_set=
ac_cv_env_host_alias_value=
ac_cv_env_target_alias_set=
ac_cv_env_target_alias_value=
ac_cv_objext=o
ac_cv_path_install='/usr/bin/install -c'
ac_cv_path_mkdir=/usr/bin/mkdir
ac_cv_prog_AWK=gawk
ac_cv_prog_ac_ct_CC=gcc
ac_cv_prog_cc_c11=
ac_cv_prog_cc_g=yes
ac_cv_prog_cc_stdc=
ac_cv_prog_make_make_set=yes
am_cv_CC_dependencies_compiler_type=gcc3
am_cv_make_support_nested_variables=yes
am_cv_prog_cc_c_o=yes

## ----------------- ##
## Output variables. ##
## ----------------- ##

ACLOCAL='${SHELL} '\''/home/galactus/autotools-learn/amhello-1.0/missing'\'' aclocal-1.16'
AMDEPBACKSLASH='\'
AMDEP_FALSE='#'
AMDEP_TRUE=''
AMTAR='$${TAR-tar}'
AM_BACKSLASH='\'
AM_DEFAULT_V='$(AM_DEFAULT_VERBOSITY)'
AM_DEFAULT_VERBOSITY='1'
AM_V='$(V)'
AUTOCONF='${SHELL} '\''/home/galactus/autotools-learn/amhello-1.0/missing'\'' autoconf'
AUTOHEADER='${SHELL} '\''/home/galactus/autotools-learn/amhello-1.0/missing'\'' autoheader'
AUTOMAKE='${SHELL} '\''/home/galactus/autotools-learn/amhello-1.0/missing'\'' automake-1.16'
AWK='gawk'
CC='gcc'
CCDEPMODE='depmode=gcc3'
CFLAGS='-g -O2'
CPPFLAGS=''
CSCOPE='cscope'
CTAGS='ctags'
CYGPATH_W='echo'
DEFS='-DHAVE_CONFIG_H'
DEPDIR='.deps'
ECHO_C=''
ECHO_N='-n'
ECHO_T=''
ETAGS='etags'
EXEEXT=''
INSTALL_DATA='${INSTALL} -m 644'
INSTALL_PROGRAM='${INSTALL}'
INSTALL_SCRIPT='${INSTALL}'
INSTALL_STRIP_PROGRAM='$(install_sh) -c -s'
LDFLAGS=''
LIBOBJS=''
LIBS=''
LTLIBOBJS=''
MAKEINFO='${SHELL} '\''/home/galactus/autotools-learn/amhello-1.0/missing'\'' makeinfo'
MKDIR_P='/usr/bin/mkdir -p'
OBJEXT='o'
PACKAGE='amhello'
PACKAGE_BUGREPORT='bug-automake@gnu.org'
PACKAGE_NAME='amhello'
PACKAGE_STRING='amhello 1.0'
PACKAGE_TARNAME='amhello'
PACKAGE_URL=''
PACKAGE_VERSION='1.0'
PATH_SEPARATOR=':'
SET_MAKE=''
SHELL='/bin/bash'
STRIP=''
VERSION='1.0'
ac_ct_CC='gcc'
am__EXEEXT_FALSE=''
am__EXEEXT_TRUE='#'
am__fastdepCC_FALSE='#'
am__fastdepCC_TRUE=''
am__include='include'
am__isrc=''
am__leading_dot='.'
am__nodep='_no'
am__quote=''
am__tar='$${TAR-tar} chof - "$$tardir"'
am__untar='$${TAR-tar} xf -'
bindir='${exec_prefix}/bin'
build_alias=''
datadir='${datarootdir}'
datarootdir='${prefix}/share'
docdir='${datarootdir}/doc/${PACKAGE_TARNAME}'
dvidir='${docdir}'
exec_prefix='${prefix}'
host_alias=''
htmldir='${docdir}'
includedir='${prefix}/include'
infodir='${datarootdir}/info'
install_sh='${SHELL} /home/galactus/autotools-learn/amhello-1.0/install-sh'
libdir='${exec_prefix}/lib'
libexecdir='${exec_prefix}/libexec'
localedir='${datarootdir}/locale'
localstatedir='${prefix}/var'
mandir='${datarootdir}/man'
mkdir_p='$(MKDIR_P)'
oldincludedir='/usr/include'
pdfdir='${docdir}'
prefix='/usr/local'
program_transform_name='s,x,x,'
psdir='${docdir}'
runstatedir='${localstatedir}/run'
sbindir='${exec_prefix}/sbin'
sharedstatedir='${prefix}/com'
sysconfdir='${prefix}/etc'
target_alias=''

## ----------- ##
## confdefs.h. ##
## ----------- ##

/* confdefs.h */
#define PACKAGE_NAME "amhello"
#define PACKAGE_TARNAME "amhello"
#define PACKAGE_VERSION "1.0"
#define PACKAGE_STRING "amhello 1.0"
#define PACKAGE_BUGREPORT "bug-automake@gnu.org"
#define PACKAGE_URL ""
#define PACKAGE "amhello"
#define VERSION "1.0"

configure: exit 0
